<?xml version="1.0" encoding="UTF-8"?>
<!-- Generated by org.testng.reporters.JUnitReportReporter -->
<testsuite hostname="DESKTOP-JTJ28NU" failures="0" tests="1" name="Sample.Anu" time="0.010" errors="0" timestamp="2023-01-23T17:58:44 IST" skipped="0">
  <testcase classname="Sample.Anu" name="m3" time="0.010"/>
  <system-out/>
</testsuite> <!-- Sample.Anu -->
